<?xml version="1.0" encoding="UTF-8"?>
<testng-results skipped="0" failed="0" ignored="0" total="1" passed="1">
  <reporter-output>
  </reporter-output>
  <suite name="Github API Tests" duration-ms="14049" started-at="2020-01-30T11:44:52Z" finished-at="2020-01-30T11:45:07Z">
    <groups>
    </groups>
    <test name="API Automation Tests" duration-ms="14049" started-at="2020-01-30T11:44:52Z" finished-at="2020-01-30T11:45:07Z">
      <class name="com.github.tests.TestCase">
        <test-method status="PASS" signature="test()[pri:0, instance:com.github.tests.TestCase@7006c658]" name="test" duration-ms="14021" started-at="2020-01-30T17:14:52Z" finished-at="2020-01-30T17:15:07Z">
          <reporter-output>
          </reporter-output>
        </test-method> <!-- test -->
      </class> <!-- com.github.tests.TestCase -->
    </test> <!-- API Automation Tests -->
  </suite> <!-- Github API Tests -->
</testng-results>
